<?xml version="1.0" encoding="UTF-8"?>
<testng-results skipped="0" failed="0" ignored="0" total="1" passed="1">
  <reporter-output>
  </reporter-output>
  <suite name="Suite" duration-ms="14516" started-at="2022-05-04T19:30:10 IST" finished-at="2022-05-04T19:30:24 IST">
    <groups>
    </groups>
    <test name="Test" duration-ms="14516" started-at="2022-05-04T19:30:10 IST" finished-at="2022-05-04T19:30:24 IST">
      <class name="demo.practice.HeadlessChrome">
        <test-method status="PASS" signature="test1()[pri:0, instance:demo.practice.HeadlessChrome@3439f68d]" name="test1" duration-ms="14491" started-at="2022-05-04T19:30:10 IST" finished-at="2022-05-04T19:30:24 IST">
          <reporter-output>
          </reporter-output>
        </test-method> <!-- test1 -->
      </class> <!-- demo.practice.HeadlessChrome -->
    </test> <!-- Test -->
  </suite> <!-- Suite -->
</testng-results>
